<?xml version="1.0" encoding="UTF-8"?>
<testsuite name="com.seoyoon.movierecipes.MovierecipesApplicationTests" tests="1" skipped="0" failures="0" errors="0" timestamp="2024-03-09T08:00:31" hostname="DESKTOP-GFM73B4" time="0.956">
  <properties/>
  <testcase name="contextLoads()" classname="com.seoyoon.movierecipes.MovierecipesApplicationTests" time="0.956"/>
  <system-out><![CDATA[17:00:22.335 [Test worker] INFO org.springframework.test.context.support.AnnotationConfigContextLoaderUtils -- Could not detect default configuration classes for test class [com.seoyoon.movierecipes.MovierecipesApplicationTests]: MovierecipesApplicationTests does not declare any static, non-private, non-final, nested classes annotated with @Configuration.
17:00:22.562 [Test worker] INFO org.springframework.boot.test.context.SpringBootTestContextBootstrapper -- Found @SpringBootConfiguration com.seoyoon.movierecipes.MovierecipesApplication for test class com.seoyoon.movierecipes.MovierecipesApplicationTests

  .   ____          _            __ _ _
 /\\ / ___'_ __ _ _(_)_ __  __ _ \ \ \ \
( ( )\___ | '_ | '_| | '_ \/ _` | \ \ \ \
 \\/  ___)| |_)| | | | | || (_| |  ) ) ) )
  '  |____| .__|_| |_|_| |_\__, | / / / /
 =========|_|==============|___/=/_/_/_/
 :: Spring Boot ::                (v3.2.2)

2024-03-09T17:00:23.476+09:00  INFO 14452 --- [    Test worker] c.s.m.MovierecipesApplicationTests       : Starting MovierecipesApplicationTests using Java 17.0.10 with PID 14452 (started by seoyo in C:\Users\seoyo\Desktop\MovieRecipes\tool\back\movierecipes)
2024-03-09T17:00:23.478+09:00  INFO 14452 --- [    Test worker] c.s.m.MovierecipesApplicationTests       : No active profile set, falling back to 1 default profile: "default"
2024-03-09T17:00:25.015+09:00  INFO 14452 --- [    Test worker] .s.d.r.c.RepositoryConfigurationDelegate : Multiple Spring Data modules found, entering strict repository configuration mode
2024-03-09T17:00:25.019+09:00  INFO 14452 --- [    Test worker] .s.d.r.c.RepositoryConfigurationDelegate : Bootstrapping Spring Data JDBC repositories in DEFAULT mode.
2024-03-09T17:00:25.092+09:00  INFO 14452 --- [    Test worker] .RepositoryConfigurationExtensionSupport : Spring Data JDBC - Could not safely identify store assignment for repository candidate interface com.seoyoon.movierecipes.dao.MemberRepository; If you want this repository to be a JDBC repository, consider annotating your entities with one of these annotations: org.springframework.data.relational.core.mapping.Table.
2024-03-09T17:00:25.097+09:00  INFO 14452 --- [    Test worker] .RepositoryConfigurationExtensionSupport : Spring Data JDBC - Could not safely identify store assignment for repository candidate interface com.seoyoon.movierecipes.dao.RefreshTokenRepository; If you want this repository to be a JDBC repository, consider annotating your entities with one of these annotations: org.springframework.data.relational.core.mapping.Table.
2024-03-09T17:00:25.100+09:00  INFO 14452 --- [    Test worker] .s.d.r.c.RepositoryConfigurationDelegate : Finished Spring Data repository scanning in 69 ms. Found 0 JDBC repository interfaces.
2024-03-09T17:00:25.124+09:00  INFO 14452 --- [    Test worker] .s.d.r.c.RepositoryConfigurationDelegate : Multiple Spring Data modules found, entering strict repository configuration mode
2024-03-09T17:00:25.127+09:00  INFO 14452 --- [    Test worker] .s.d.r.c.RepositoryConfigurationDelegate : Bootstrapping Spring Data JPA repositories in DEFAULT mode.
2024-03-09T17:00:25.211+09:00  INFO 14452 --- [    Test worker] .s.d.r.c.RepositoryConfigurationDelegate : Finished Spring Data repository scanning in 67 ms. Found 2 JPA repository interfaces.
2024-03-09T17:00:26.319+09:00  INFO 14452 --- [    Test worker] o.hibernate.jpa.internal.util.LogHelper  : HHH000204: Processing PersistenceUnitInfo [name: default]
2024-03-09T17:00:26.478+09:00  INFO 14452 --- [    Test worker] org.hibernate.Version                    : HHH000412: Hibernate ORM core version 6.4.1.Final
2024-03-09T17:00:26.579+09:00  INFO 14452 --- [    Test worker] o.h.c.internal.RegionFactoryInitiator    : HHH000026: Second-level cache disabled
2024-03-09T17:00:27.104+09:00  INFO 14452 --- [    Test worker] o.s.o.j.p.SpringPersistenceUnitInfo      : No LoadTimeWeaver setup: ignoring JPA class transformer
2024-03-09T17:00:27.165+09:00  INFO 14452 --- [    Test worker] com.zaxxer.hikari.HikariDataSource       : HikariPool-1 - Starting...
2024-03-09T17:00:27.615+09:00  INFO 14452 --- [    Test worker] com.zaxxer.hikari.pool.HikariPool        : HikariPool-1 - Added connection org.postgresql.jdbc.PgConnection@3d798e76
2024-03-09T17:00:27.618+09:00  INFO 14452 --- [    Test worker] com.zaxxer.hikari.HikariDataSource       : HikariPool-1 - Start completed.
2024-03-09T17:00:27.701+09:00  WARN 14452 --- [    Test worker] org.hibernate.orm.deprecation            : HHH90000025: PostgreSQLDialect does not need to be specified explicitly using 'hibernate.dialect' (remove the property setting and it will be selected by default)
2024-03-09T17:00:29.284+09:00  INFO 14452 --- [    Test worker] o.h.e.t.j.p.i.JtaPlatformInitiator       : HHH000489: No JTA platform available (set 'hibernate.transaction.jta.platform' to enable JTA platform integration)
2024-03-09T17:00:29.381+09:00  INFO 14452 --- [    Test worker] j.LocalContainerEntityManagerFactoryBean : Initialized JPA EntityManagerFactory for persistence unit 'default'
2024-03-09T17:00:30.247+09:00  WARN 14452 --- [    Test worker] JpaBaseConfiguration$JpaWebConfiguration : spring.jpa.open-in-view is enabled by default. Therefore, database queries may be performed during view rendering. Explicitly configure spring.jpa.open-in-view to disable this warning
2024-03-09T17:00:30.485+09:00  INFO 14452 --- [    Test worker] o.s.b.a.w.s.WelcomePageHandlerMapping    : Adding welcome page: class path resource [static/index.html]
2024-03-09T17:00:30.907+09:00  INFO 14452 --- [    Test worker] o.s.s.web.DefaultSecurityFilterChain     : Will secure any request with [org.springframework.security.web.session.DisableEncodeUrlFilter@18d63996, org.springframework.security.web.context.request.async.WebAsyncManagerIntegrationFilter@6e6bd43b, org.springframework.security.web.context.SecurityContextHolderFilter@69a031a4, org.springframework.security.web.header.HeaderWriterFilter@eef6e, org.springframework.web.filter.CorsFilter@210e2f2f, org.springframework.security.web.authentication.logout.LogoutFilter@a165c11, org.springframework.web.filter.CorsFilter@210e2f2f, com.seoyoon.movierecipes.jwt.JwtFilter@4a532271, org.springframework.security.web.savedrequest.RequestCacheAwareFilter@4b9dd787, org.springframework.security.web.servletapi.SecurityContextHolderAwareRequestFilter@3545c913, org.springframework.security.web.authentication.AnonymousAuthenticationFilter@35b38986, org.springframework.security.web.session.SessionManagementFilter@37ad818e, org.springframework.security.web.access.ExceptionTranslationFilter@495e1ad1, org.springframework.security.web.access.intercept.AuthorizationFilter@1fa77770]
2024-03-09T17:00:31.732+09:00  INFO 14452 --- [    Test worker] c.s.m.MovierecipesApplicationTests       : Started MovierecipesApplicationTests in 8.771 seconds (process running for 11.268)
]]></system-out>
  <system-err><![CDATA[]]></system-err>
</testsuite>
